0 info it worked if it ends with ok
1 verbose cli [ '/usr/local/bin/node',
1 verbose cli   '/usr/local/lib/node_modules/cnpm/node_modules/.bin/npm',
1 verbose cli   '--userconfig=/Users/niulei/.cnpmrc',
1 verbose cli   '--disturl=https://npm.taobao.org/mirrors/node',
1 verbose cli   '--registry=https://registry.npm.taobao.org',
1 verbose cli   'publish' ]
2 info using npm@3.10.10
3 info using node@v8.9.4
4 verbose publish [ '.' ]
5 silly cache add args [ '.', null ]
6 verbose cache add spec .
7 silly cache add parsed spec Result {
7 silly cache add   raw: '.',
7 silly cache add   scope: null,
7 silly cache add   escapedName: null,
7 silly cache add   name: null,
7 silly cache add   rawSpec: '.',
7 silly cache add   spec: '/Users/niulei/web/wing-cli',
7 silly cache add   type: 'directory' }
8 verbose addLocalDirectory /Users/niulei/.npm/wing-cli/1.0.0/package.tgz not in flight; packing
9 verbose correctMkdir /Users/niulei/.npm correctMkdir not in flight; initializing
10 info lifecycle wing-cli@1.0.0~prepublish: wing-cli@1.0.0
11 silly lifecycle wing-cli@1.0.0~prepublish: no script for prepublish, continuing
12 verbose tar pack [ '/Users/niulei/.npm/wing-cli/1.0.0/package.tgz',
12 verbose tar pack   '/Users/niulei/web/wing-cli' ]
13 verbose tarball /Users/niulei/.npm/wing-cli/1.0.0/package.tgz
14 verbose folder /Users/niulei/web/wing-cli
15 verbose addLocalTarball adding from inside cache /Users/niulei/.npm/wing-cli/1.0.0/package.tgz
16 verbose correctMkdir /Users/niulei/.npm correctMkdir not in flight; initializing
17 silly cache afterAdd wing-cli@1.0.0
18 verbose afterAdd /Users/niulei/.npm/wing-cli/1.0.0/package/package.json not in flight; writing
19 verbose correctMkdir /Users/niulei/.npm correctMkdir not in flight; initializing
20 verbose afterAdd /Users/niulei/.npm/wing-cli/1.0.0/package/package.json written
21 silly publish { name: 'wing-cli',
21 silly publish   version: '1.0.0',
21 silly publish   description: 'the cli test',
21 silly publish   main: './bin/wing.js',
21 silly publish   scripts: { test: 'echo "Error: no test specified" && exit 1' },
21 silly publish   bin: { wing: './bin/wing.js' },
21 silly publish   author: { name: 'wing' },
21 silly publish   license: 'ISC',
21 silly publish   dependencies:
21 silly publish    { async: '^2.6.0',
21 silly publish      chalk: '^2.1.0',
21 silly publish      commander: '^2.9.0',
21 silly publish      consolidate: '^0.15.1',
21 silly publish      'download-git-repo': '^1.0.1',
21 silly publish      handlebars: '^4.0.5',
21 silly publish      inquirer: '^5.1.0',
21 silly publish      metalsmith: '^2.3.0',
21 silly publish      ora: '^2.0.0',
21 silly publish      rimraf: '^2.6.2' },
21 silly publish   readme: 'ERROR: No README data found!',
21 silly publish   _id: 'wing-cli@1.0.0',
21 silly publish   _shasum: '84f2aa3789b6a970d132d553fe7e214e7a1aefa5',
21 silly publish   _from: '.' }
22 verbose getPublishConfig undefined
23 silly mapToRegistry name wing-cli
24 silly mapToRegistry using default registry
25 silly mapToRegistry registry https://registry.npm.taobao.org/
26 silly mapToRegistry data Result {
26 silly mapToRegistry   raw: 'wing-cli',
26 silly mapToRegistry   scope: null,
26 silly mapToRegistry   escapedName: 'wing-cli',
26 silly mapToRegistry   name: 'wing-cli',
26 silly mapToRegistry   rawSpec: '',
26 silly mapToRegistry   spec: 'latest',
26 silly mapToRegistry   type: 'tag' }
27 silly mapToRegistry uri https://registry.npm.taobao.org/wing-cli
28 verbose publish registryBase https://registry.npm.taobao.org/
29 silly publish uploading /Users/niulei/.npm/wing-cli/1.0.0/package.tgz
30 verbose stack Error: auth required for publishing
30 verbose stack     at CachingRegistryClient.publish (/usr/local/lib/node_modules/cnpm/node_modules/npm/node_modules/npm-registry-client/lib/publish.js:30:14)
30 verbose stack     at /usr/local/lib/node_modules/cnpm/node_modules/npm/lib/publish.js:138:14
30 verbose stack     at mapToRegistry (/usr/local/lib/node_modules/cnpm/node_modules/npm/lib/utils/map-to-registry.js:62:3)
30 verbose stack     at publish_ (/usr/local/lib/node_modules/cnpm/node_modules/npm/lib/publish.js:107:3)
30 verbose stack     at Array.<anonymous> (/usr/local/lib/node_modules/cnpm/node_modules/npm/node_modules/slide/lib/bind-actor.js:15:8)
30 verbose stack     at LOOP (/usr/local/lib/node_modules/cnpm/node_modules/npm/node_modules/slide/lib/chain.js:15:14)
30 verbose stack     at LOOP (/usr/local/lib/node_modules/cnpm/node_modules/npm/node_modules/slide/lib/chain.js:14:28)
30 verbose stack     at chain (/usr/local/lib/node_modules/cnpm/node_modules/npm/node_modules/slide/lib/chain.js:20:5)
30 verbose stack     at /usr/local/lib/node_modules/cnpm/node_modules/npm/lib/publish.js:73:5
30 verbose stack     at RES (/usr/local/lib/node_modules/cnpm/node_modules/npm/node_modules/inflight/inflight.js:23:14)
31 verbose cwd /Users/niulei/web/wing-cli
32 error Darwin 17.4.0
33 error argv "/usr/local/bin/node" "/usr/local/lib/node_modules/cnpm/node_modules/.bin/npm" "--userconfig=/Users/niulei/.cnpmrc" "--disturl=https://npm.taobao.org/mirrors/node" "--registry=https://registry.npm.taobao.org" "publish"
34 error node v8.9.4
35 error npm  v3.10.10
36 error code ENEEDAUTH
37 error need auth auth required for publishing
38 error need auth You need to authorize this machine using `npm adduser`
39 verbose exit [ 1, true ]
